[2024-02-16 11:17:21,727] INFO [Broker id=0] Handling LeaderAndIsr request correlationId 24 from controller 2 for 1 partitions (state.change.logger)
[2024-02-16 11:17:21,724] INFO [Broker id=1] Handling LeaderAndIsr request correlationId 20 from controller 2 for 1 partitions (state.change.logger)
[2024-02-16 11:17:21,747] INFO [Broker id=0] Follower topic-2 starts at leader epoch 1 from offset 6 with partition epoch 1 and high watermark 6. Current leader is 1. Previous leader Some(1) and previous leader epoch was 1. (state.change.logger)
[2024-02-16 11:17:21,787] INFO [Broker id=1] Stopped fetchers as part of LeaderAndIsr request correlationId 20 from controller 2 epoch 4 as part of the become-leader transition for 1 partitions (state.change.logger)
[2024-02-16 11:17:21,790] INFO [Broker id=1] Leader topic-2 with topic id Some(_hu_M2wJQ0-re3fUZL6QFA) starts at leader epoch 1 from offset 6 with partition epoch 1, high watermark 6, ISR [1,0], adding replicas [] and removing replicas [] . Previous leader Some(2) and previous leader epoch was 0. (state.change.logger)
[2024-02-16 11:17:21,821] INFO [Broker id=0] Stopped fetchers as part of become-follower request from controller 2 epoch 4 with correlation id 24 for 1 partitions (state.change.logger)
[2024-02-16 11:17:21,842] INFO [Broker id=1] Finished LeaderAndIsr request in 121ms correlationId 20 from controller 2 for 1 partitions (state.change.logger)
[2024-02-16 11:17:21,844] INFO [Broker id=0] Finished LeaderAndIsr request in 120ms correlationId 24 from controller 2 for 1 partitions (state.change.logger)
[2024-02-16 11:17:21,845] INFO [Broker id=1] Add 1 partitions and deleted 0 partitions from metadata cache in response to UpdateMetadata request sent by controller 2 epoch 4 with correlation id 21 (state.change.logger)
[2024-02-16 11:17:21,846] INFO [Broker id=1] Handling LeaderAndIsr request correlationId 22 from controller 2 for 2 partitions (state.change.logger)
[2024-02-16 11:17:21,847] INFO [Broker id=1] Stopped fetchers as part of LeaderAndIsr request correlationId 22 from controller 2 epoch 4 as part of the become-leader transition for 1 partitions (state.change.logger)
[2024-02-16 11:17:21,847] INFO [Broker id=0] Add 1 partitions and deleted 0 partitions from metadata cache in response to UpdateMetadata request sent by controller 2 epoch 4 with correlation id 25 (state.change.logger)
[2024-02-16 11:17:21,847] INFO [Broker id=1] Leader topic-0 with topic id Some(_hu_M2wJQ0-re3fUZL6QFA) starts at leader epoch 1 from offset 6 with partition epoch 1, high watermark 6, ISR [1,0], adding replicas [] and removing replicas [] . Previous leader Some(1) and previous leader epoch was 0. (state.change.logger)
[2024-02-16 11:17:21,850] INFO [Broker id=0] Handling LeaderAndIsr request correlationId 26 from controller 2 for 2 partitions (state.change.logger)
[2024-02-16 11:17:21,858] INFO [Broker id=0] Stopped fetchers as part of LeaderAndIsr request correlationId 26 from controller 2 epoch 4 as part of the become-leader transition for 1 partitions (state.change.logger)
[2024-02-16 11:17:21,859] INFO [Broker id=1] Follower topic-1 starts at leader epoch 1 from offset 7 with partition epoch 1 and high watermark 7. Current leader is 0. Previous leader Some(0) and previous leader epoch was 1. (state.change.logger)
[2024-02-16 11:17:21,859] INFO [Broker id=0] Leader topic-1 with topic id Some(_hu_M2wJQ0-re3fUZL6QFA) starts at leader epoch 1 from offset 7 with partition epoch 1, high watermark 7, ISR [0,1], adding replicas [] and removing replicas [] . Previous leader Some(0) and previous leader epoch was 0. (state.change.logger)
[2024-02-16 11:17:21,862] INFO [Broker id=1] Stopped fetchers as part of become-follower request from controller 2 epoch 4 with correlation id 22 for 1 partitions (state.change.logger)
[2024-02-16 11:17:21,873] INFO [Broker id=1] Finished LeaderAndIsr request in 27ms correlationId 22 from controller 2 for 2 partitions (state.change.logger)
[2024-02-16 11:17:21,875] INFO [Broker id=0] Follower topic-0 starts at leader epoch 1 from offset 6 with partition epoch 1 and high watermark 6. Current leader is 1. Previous leader Some(1) and previous leader epoch was 1. (state.change.logger)
[2024-02-16 11:17:21,875] INFO [Broker id=1] Add 2 partitions and deleted 0 partitions from metadata cache in response to UpdateMetadata request sent by controller 2 epoch 4 with correlation id 23 (state.change.logger)
[2024-02-16 11:17:21,876] INFO [Broker id=0] Stopped fetchers as part of become-follower request from controller 2 epoch 4 with correlation id 26 for 1 partitions (state.change.logger)
[2024-02-16 11:17:21,881] INFO [Broker id=0] Finished LeaderAndIsr request in 32ms correlationId 26 from controller 2 for 2 partitions (state.change.logger)
[2024-02-16 11:17:21,886] INFO [Broker id=0] Add 2 partitions and deleted 0 partitions from metadata cache in response to UpdateMetadata request sent by controller 2 epoch 4 with correlation id 27 (state.change.logger)
[2024-02-16 11:17:22,114] INFO [Controller id=1 epoch=5] Sending UpdateMetadata request to brokers HashSet(0, 1) for 0 partitions (state.change.logger)
[2024-02-16 11:17:22,137] INFO [Controller id=1 epoch=5] Sending LeaderAndIsr request to broker 0 with 51 become-leader and 2 become-follower partitions (state.change.logger)
[2024-02-16 11:17:22,138] INFO [Controller id=1 epoch=5] Sending LeaderAndIsr request to broker 1 with 3 become-leader and 1 become-follower partitions (state.change.logger)
[2024-02-16 11:17:22,138] INFO [Controller id=1 epoch=5] Sending UpdateMetadata request to brokers HashSet(0, 1) for 54 partitions (state.change.logger)
[2024-02-16 11:17:22,139] INFO [Broker id=1] Handling LeaderAndIsr request correlationId 1 from controller 1 for 4 partitions (state.change.logger)
[2024-02-16 11:17:22,140] INFO [Broker id=0] Handling LeaderAndIsr request correlationId 1 from controller 1 for 53 partitions (state.change.logger)
[2024-02-16 11:17:22,140] INFO [Broker id=1] Ignoring LeaderAndIsr request from controller 1 with correlation id 1 epoch 5 for partition topic-0 since its associated leader epoch 1 matches the current leader epoch (state.change.logger)
[2024-02-16 11:17:22,140] INFO [Broker id=1] Ignoring LeaderAndIsr request from controller 1 with correlation id 1 epoch 5 for partition topic-2 since its associated leader epoch 1 matches the current leader epoch (state.change.logger)
[2024-02-16 11:17:22,140] INFO [Broker id=1] Ignoring LeaderAndIsr request from controller 1 with correlation id 1 epoch 5 for partition topic-1 since its associated leader epoch 1 matches the current leader epoch (state.change.logger)
[2024-02-16 11:17:22,140] INFO [Broker id=1] Ignoring LeaderAndIsr request from controller 1 with correlation id 1 epoch 5 for partition kafka_topic-0 since its associated leader epoch 0 matches the current leader epoch (state.change.logger)
[2024-02-16 11:17:22,140] INFO [Broker id=1] Finished LeaderAndIsr request in 1ms correlationId 1 from controller 1 for 4 partitions (state.change.logger)
[2024-02-16 11:17:22,141] INFO [Broker id=1] Add 54 partitions and deleted 0 partitions from metadata cache in response to UpdateMetadata request sent by controller 1 epoch 5 with correlation id 2 (state.change.logger)
[2024-02-16 11:17:22,143] INFO [Broker id=0] Ignoring LeaderAndIsr request from controller 1 with correlation id 1 epoch 5 for partition topic-1 since its associated leader epoch 1 matches the current leader epoch (state.change.logger)
[2024-02-16 11:17:22,143] INFO [Broker id=0] Ignoring LeaderAndIsr request from controller 1 with correlation id 1 epoch 5 for partition topic-2 since its associated leader epoch 1 matches the current leader epoch (state.change.logger)
[2024-02-16 11:17:22,143] INFO [Broker id=0] Ignoring LeaderAndIsr request from controller 1 with correlation id 1 epoch 5 for partition topic-0 since its associated leader epoch 1 matches the current leader epoch (state.change.logger)
[2024-02-16 11:17:22,143] INFO [Broker id=0] Ignoring LeaderAndIsr request from controller 1 with correlation id 1 epoch 5 for partition __consumer_offsets-13 since its associated leader epoch 2 matches the current leader epoch (state.change.logger)
[2024-02-16 11:17:22,143] INFO [Broker id=0] Ignoring LeaderAndIsr request from controller 1 with correlation id 1 epoch 5 for partition __consumer_offsets-46 since its associated leader epoch 2 matches the current leader epoch (state.change.logger)
[2024-02-16 11:17:22,143] INFO [Broker id=0] Ignoring LeaderAndIsr request from controller 1 with correlation id 1 epoch 5 for partition __consumer_offsets-9 since its associated leader epoch 2 matches the current leader epoch (state.change.logger)
[2024-02-16 11:17:22,143] INFO [Broker id=0] Ignoring LeaderAndIsr request from controller 1 with correlation id 1 epoch 5 for partition __consumer_offsets-42 since its associated leader epoch 2 matches the current leader epoch (state.change.logger)
[2024-02-16 11:17:22,143] INFO [Broker id=0] Ignoring LeaderAndIsr request from controller 1 with correlation id 1 epoch 5 for partition __consumer_offsets-21 since its associated leader epoch 2 matches the current leader epoch (state.change.logger)
[2024-02-16 11:17:22,143] INFO [Broker id=0] Ignoring LeaderAndIsr request from controller 1 with correlation id 1 epoch 5 for partition __consumer_offsets-17 since its associated leader epoch 2 matches the current leader epoch (state.change.logger)
[2024-02-16 11:17:22,143] INFO [Broker id=0] Ignoring LeaderAndIsr request from controller 1 with correlation id 1 epoch 5 for partition __consumer_offsets-30 since its associated leader epoch 2 matches the current leader epoch (state.change.logger)
[2024-02-16 11:17:22,143] INFO [Broker id=0] Ignoring LeaderAndIsr request from controller 1 with correlation id 1 epoch 5 for partition __consumer_offsets-26 since its associated leader epoch 2 matches the current leader epoch (state.change.logger)
[2024-02-16 11:17:22,143] INFO [Broker id=0] Ignoring LeaderAndIsr request from controller 1 with correlation id 1 epoch 5 for partition __consumer_offsets-5 since its associated leader epoch 2 matches the current leader epoch (state.change.logger)
[2024-02-16 11:17:22,143] INFO [Broker id=0] Ignoring LeaderAndIsr request from controller 1 with correlation id 1 epoch 5 for partition __consumer_offsets-38 since its associated leader epoch 2 matches the current leader epoch (state.change.logger)
[2024-02-16 11:17:22,143] INFO [Broker id=0] Ignoring LeaderAndIsr request from controller 1 with correlation id 1 epoch 5 for partition __consumer_offsets-1 since its associated leader epoch 2 matches the current leader epoch (state.change.logger)
[2024-02-16 11:17:22,143] INFO [Broker id=0] Ignoring LeaderAndIsr request from controller 1 with correlation id 1 epoch 5 for partition __consumer_offsets-34 since its associated leader epoch 2 matches the current leader epoch (state.change.logger)
[2024-02-16 11:17:22,143] INFO [Broker id=0] Ignoring LeaderAndIsr request from controller 1 with correlation id 1 epoch 5 for partition __consumer_offsets-16 since its associated leader epoch 2 matches the current leader epoch (state.change.logger)
[2024-02-16 11:17:22,143] INFO [Broker id=0] Ignoring LeaderAndIsr request from controller 1 with correlation id 1 epoch 5 for partition __consumer_offsets-45 since its associated leader epoch 2 matches the current leader epoch (state.change.logger)
[2024-02-16 11:17:22,143] INFO [Broker id=0] Ignoring LeaderAndIsr request from controller 1 with correlation id 1 epoch 5 for partition __consumer_offsets-12 since its associated leader epoch 2 matches the current leader epoch (state.change.logger)
[2024-02-16 11:17:22,143] INFO [Broker id=0] Ignoring LeaderAndIsr request from controller 1 with correlation id 1 epoch 5 for partition __consumer_offsets-41 since its associated leader epoch 2 matches the current leader epoch (state.change.logger)
[2024-02-16 11:17:22,143] INFO [Broker id=0] Ignoring LeaderAndIsr request from controller 1 with correlation id 1 epoch 5 for partition __consumer_offsets-24 since its associated leader epoch 2 matches the current leader epoch (state.change.logger)
[2024-02-16 11:17:22,143] INFO [Broker id=0] Ignoring LeaderAndIsr request from controller 1 with correlation id 1 epoch 5 for partition __consumer_offsets-20 since its associated leader epoch 2 matches the current leader epoch (state.change.logger)
[2024-02-16 11:17:22,143] INFO [Broker id=0] Ignoring LeaderAndIsr request from controller 1 with correlation id 1 epoch 5 for partition __consumer_offsets-49 since its associated leader epoch 2 matches the current leader epoch (state.change.logger)
[2024-02-16 11:17:22,143] INFO [Broker id=0] Ignoring LeaderAndIsr request from controller 1 with correlation id 1 epoch 5 for partition __consumer_offsets-0 since its associated leader epoch 2 matches the current leader epoch (state.change.logger)
[2024-02-16 11:17:22,143] INFO [Broker id=0] Ignoring LeaderAndIsr request from controller 1 with correlation id 1 epoch 5 for partition __consumer_offsets-29 since its associated leader epoch 2 matches the current leader epoch (state.change.logger)
[2024-02-16 11:17:22,143] INFO [Broker id=0] Ignoring LeaderAndIsr request from controller 1 with correlation id 1 epoch 5 for partition __consumer_offsets-25 since its associated leader epoch 2 matches the current leader epoch (state.change.logger)
[2024-02-16 11:17:22,143] INFO [Broker id=0] Ignoring LeaderAndIsr request from controller 1 with correlation id 1 epoch 5 for partition __consumer_offsets-8 since its associated leader epoch 2 matches the current leader epoch (state.change.logger)
[2024-02-16 11:17:22,143] INFO [Broker id=0] Ignoring LeaderAndIsr request from controller 1 with correlation id 1 epoch 5 for partition __consumer_offsets-37 since its associated leader epoch 2 matches the current leader epoch (state.change.logger)
[2024-02-16 11:17:22,143] INFO [Broker id=0] Ignoring LeaderAndIsr request from controller 1 with correlation id 1 epoch 5 for partition __consumer_offsets-4 since its associated leader epoch 2 matches the current leader epoch (state.change.logger)
[2024-02-16 11:17:22,143] INFO [Broker id=0] Ignoring LeaderAndIsr request from controller 1 with correlation id 1 epoch 5 for partition __consumer_offsets-33 since its associated leader epoch 2 matches the current leader epoch (state.change.logger)
[2024-02-16 11:17:22,143] INFO [Broker id=0] Ignoring LeaderAndIsr request from controller 1 with correlation id 1 epoch 5 for partition __consumer_offsets-15 since its associated leader epoch 2 matches the current leader epoch (state.change.logger)
[2024-02-16 11:17:22,143] INFO [Broker id=0] Ignoring LeaderAndIsr request from controller 1 with correlation id 1 epoch 5 for partition __consumer_offsets-48 since its associated leader epoch 2 matches the current leader epoch (state.change.logger)
[2024-02-16 11:17:22,143] INFO [Broker id=0] Ignoring LeaderAndIsr request from controller 1 with correlation id 1 epoch 5 for partition __consumer_offsets-11 since its associated leader epoch 2 matches the current leader epoch (state.change.logger)
[2024-02-16 11:17:22,143] INFO [Broker id=0] Ignoring LeaderAndIsr request from controller 1 with correlation id 1 epoch 5 for partition __consumer_offsets-44 since its associated leader epoch 2 matches the current leader epoch (state.change.logger)
[2024-02-16 11:17:22,144] INFO [Broker id=0] Ignoring LeaderAndIsr request from controller 1 with correlation id 1 epoch 5 for partition __consumer_offsets-23 since its associated leader epoch 2 matches the current leader epoch (state.change.logger)
[2024-02-16 11:17:22,144] INFO [Broker id=0] Ignoring LeaderAndIsr request from controller 1 with correlation id 1 epoch 5 for partition __consumer_offsets-19 since its associated leader epoch 2 matches the current leader epoch (state.change.logger)
[2024-02-16 11:17:22,144] INFO [Broker id=0] Ignoring LeaderAndIsr request from controller 1 with correlation id 1 epoch 5 for partition __consumer_offsets-32 since its associated leader epoch 2 matches the current leader epoch (state.change.logger)
[2024-02-16 11:17:22,144] INFO [Broker id=0] Ignoring LeaderAndIsr request from controller 1 with correlation id 1 epoch 5 for partition __consumer_offsets-28 since its associated leader epoch 2 matches the current leader epoch (state.change.logger)
[2024-02-16 11:17:22,144] INFO [Broker id=0] Ignoring LeaderAndIsr request from controller 1 with correlation id 1 epoch 5 for partition __consumer_offsets-7 since its associated leader epoch 2 matches the current leader epoch (state.change.logger)
[2024-02-16 11:17:22,144] INFO [Broker id=0] Ignoring LeaderAndIsr request from controller 1 with correlation id 1 epoch 5 for partition __consumer_offsets-40 since its associated leader epoch 2 matches the current leader epoch (state.change.logger)
[2024-02-16 11:17:22,144] INFO [Broker id=0] Ignoring LeaderAndIsr request from controller 1 with correlation id 1 epoch 5 for partition __consumer_offsets-3 since its associated leader epoch 2 matches the current leader epoch (state.change.logger)
[2024-02-16 11:17:22,144] INFO [Broker id=0] Ignoring LeaderAndIsr request from controller 1 with correlation id 1 epoch 5 for partition __consumer_offsets-36 since its associated leader epoch 2 matches the current leader epoch (state.change.logger)
[2024-02-16 11:17:22,144] INFO [Broker id=0] Ignoring LeaderAndIsr request from controller 1 with correlation id 1 epoch 5 for partition __consumer_offsets-47 since its associated leader epoch 2 matches the current leader epoch (state.change.logger)
[2024-02-16 11:17:22,144] INFO [Broker id=0] Ignoring LeaderAndIsr request from controller 1 with correlation id 1 epoch 5 for partition __consumer_offsets-14 since its associated leader epoch 2 matches the current leader epoch (state.change.logger)
[2024-02-16 11:17:22,144] INFO [Broker id=0] Ignoring LeaderAndIsr request from controller 1 with correlation id 1 epoch 5 for partition __consumer_offsets-43 since its associated leader epoch 2 matches the current leader epoch (state.change.logger)
[2024-02-16 11:17:22,144] INFO [Broker id=0] Ignoring LeaderAndIsr request from controller 1 with correlation id 1 epoch 5 for partition __consumer_offsets-10 since its associated leader epoch 2 matches the current leader epoch (state.change.logger)
[2024-02-16 11:17:22,144] INFO [Broker id=0] Ignoring LeaderAndIsr request from controller 1 with correlation id 1 epoch 5 for partition __consumer_offsets-22 since its associated leader epoch 2 matches the current leader epoch (state.change.logger)
[2024-02-16 11:17:22,144] INFO [Broker id=0] Ignoring LeaderAndIsr request from controller 1 with correlation id 1 epoch 5 for partition __consumer_offsets-18 since its associated leader epoch 2 matches the current leader epoch (state.change.logger)
[2024-02-16 11:17:22,144] INFO [Broker id=0] Ignoring LeaderAndIsr request from controller 1 with correlation id 1 epoch 5 for partition __consumer_offsets-31 since its associated leader epoch 2 matches the current leader epoch (state.change.logger)
[2024-02-16 11:17:22,144] INFO [Broker id=0] Ignoring LeaderAndIsr request from controller 1 with correlation id 1 epoch 5 for partition __consumer_offsets-27 since its associated leader epoch 2 matches the current leader epoch (state.change.logger)
[2024-02-16 11:17:22,144] INFO [Broker id=0] Ignoring LeaderAndIsr request from controller 1 with correlation id 1 epoch 5 for partition __consumer_offsets-39 since its associated leader epoch 2 matches the current leader epoch (state.change.logger)
[2024-02-16 11:17:22,144] INFO [Broker id=0] Ignoring LeaderAndIsr request from controller 1 with correlation id 1 epoch 5 for partition __consumer_offsets-6 since its associated leader epoch 2 matches the current leader epoch (state.change.logger)
[2024-02-16 11:17:22,144] INFO [Broker id=0] Ignoring LeaderAndIsr request from controller 1 with correlation id 1 epoch 5 for partition __consumer_offsets-35 since its associated leader epoch 2 matches the current leader epoch (state.change.logger)
[2024-02-16 11:17:22,144] INFO [Broker id=0] Ignoring LeaderAndIsr request from controller 1 with correlation id 1 epoch 5 for partition __consumer_offsets-2 since its associated leader epoch 2 matches the current leader epoch (state.change.logger)
[2024-02-16 11:17:22,144] INFO [Broker id=0] Finished LeaderAndIsr request in 4ms correlationId 1 from controller 1 for 53 partitions (state.change.logger)
[2024-02-16 11:17:22,147] INFO [Broker id=0] Add 54 partitions and deleted 0 partitions from metadata cache in response to UpdateMetadata request sent by controller 1 epoch 5 with correlation id 2 (state.change.logger)
[2024-02-16 11:17:22,162] INFO [Controller id=1 epoch=5] Partition topic-0 state changed to (Leader:1,ISR:1,0,LeaderRecoveryState:RECOVERED,LeaderEpoch:1,ZkVersion:1,ControllerEpoch:5) after removing replica 2 from the ISR as part of transition to OfflineReplica (state.change.logger)
[2024-02-16 11:17:22,163] INFO [Controller id=1 epoch=5] Partition topic-2 state changed to (Leader:1,ISR:1,0,LeaderRecoveryState:RECOVERED,LeaderEpoch:1,ZkVersion:1,ControllerEpoch:5) after removing replica 2 from the ISR as part of transition to OfflineReplica (state.change.logger)
[2024-02-16 11:17:22,163] INFO [Controller id=1 epoch=5] Partition topic-1 state changed to (Leader:0,ISR:0,1,LeaderRecoveryState:RECOVERED,LeaderEpoch:1,ZkVersion:1,ControllerEpoch:5) after removing replica 2 from the ISR as part of transition to OfflineReplica (state.change.logger)
[2024-02-16 11:17:22,163] INFO [Controller id=1 epoch=5] Partition topics-0 state changed to (Leader:-1,ISR:2,LeaderRecoveryState:RECOVERED,LeaderEpoch:1,ZkVersion:1,ControllerEpoch:5) after removing replica 2 from the ISR as part of transition to OfflineReplica (state.change.logger)
[2024-02-16 11:17:22,164] INFO [Controller id=1 epoch=5] Sending LeaderAndIsr request to broker 0 with 1 become-leader and 2 become-follower partitions (state.change.logger)
[2024-02-16 11:17:22,165] INFO [Controller id=1 epoch=5] Sending LeaderAndIsr request to broker 1 with 2 become-leader and 1 become-follower partitions (state.change.logger)
[2024-02-16 11:17:22,165] INFO [Controller id=1 epoch=5] Sending UpdateMetadata request to brokers HashSet(0, 1) for 4 partitions (state.change.logger)
[2024-02-16 11:17:22,165] INFO [Broker id=1] Handling LeaderAndIsr request correlationId 3 from controller 1 for 3 partitions (state.change.logger)
[2024-02-16 11:17:22,165] INFO [Broker id=0] Handling LeaderAndIsr request correlationId 3 from controller 1 for 3 partitions (state.change.logger)
[2024-02-16 11:17:22,165] INFO [Broker id=1] Ignoring LeaderAndIsr request from controller 1 with correlation id 3 epoch 5 for partition topic-0 since its associated leader epoch 1 matches the current leader epoch (state.change.logger)
[2024-02-16 11:17:22,165] INFO [Broker id=0] Ignoring LeaderAndIsr request from controller 1 with correlation id 3 epoch 5 for partition topic-0 since its associated leader epoch 1 matches the current leader epoch (state.change.logger)
[2024-02-16 11:17:22,165] INFO [Broker id=1] Ignoring LeaderAndIsr request from controller 1 with correlation id 3 epoch 5 for partition topic-2 since its associated leader epoch 1 matches the current leader epoch (state.change.logger)
[2024-02-16 11:17:22,165] INFO [Broker id=0] Ignoring LeaderAndIsr request from controller 1 with correlation id 3 epoch 5 for partition topic-2 since its associated leader epoch 1 matches the current leader epoch (state.change.logger)
[2024-02-16 11:17:22,165] INFO [Broker id=1] Ignoring LeaderAndIsr request from controller 1 with correlation id 3 epoch 5 for partition topic-1 since its associated leader epoch 1 matches the current leader epoch (state.change.logger)
[2024-02-16 11:17:22,165] INFO [Broker id=0] Ignoring LeaderAndIsr request from controller 1 with correlation id 3 epoch 5 for partition topic-1 since its associated leader epoch 1 matches the current leader epoch (state.change.logger)
[2024-02-16 11:17:22,165] INFO [Broker id=1] Finished LeaderAndIsr request in 0ms correlationId 3 from controller 1 for 3 partitions (state.change.logger)
[2024-02-16 11:17:22,166] INFO [Broker id=1] Add 4 partitions and deleted 0 partitions from metadata cache in response to UpdateMetadata request sent by controller 1 epoch 5 with correlation id 4 (state.change.logger)
[2024-02-16 11:17:22,199] INFO [Broker id=0] Finished LeaderAndIsr request in 0ms correlationId 3 from controller 1 for 3 partitions (state.change.logger)
[2024-02-16 11:17:22,204] INFO [Broker id=0] Add 4 partitions and deleted 0 partitions from metadata cache in response to UpdateMetadata request sent by controller 1 epoch 5 with correlation id 4 (state.change.logger)
[2024-02-16 11:17:22,216] ERROR [Controller id=1 epoch=5] Controller 1 epoch 5 failed to change state for partition topics-0 from OfflinePartition to OnlinePartition (state.change.logger)
kafka.common.StateChangeFailedException: Failed to elect leader for partition topics-0 under strategy OfflinePartitionLeaderElectionStrategy(false)
	at kafka.controller.ZkPartitionStateMachine.$anonfun$doElectLeaderForPartitions$7(PartitionStateMachine.scala:433)
	at scala.collection.IterableOnceOps.foreach(IterableOnce.scala:576)
	at scala.collection.IterableOnceOps.foreach$(IterableOnce.scala:574)
	at scala.collection.AbstractIterable.foreach(Iterable.scala:933)
	at kafka.controller.ZkPartitionStateMachine.doElectLeaderForPartitions(PartitionStateMachine.scala:430)
	at kafka.controller.ZkPartitionStateMachine.electLeaderForPartitions(PartitionStateMachine.scala:336)
	at kafka.controller.ZkPartitionStateMachine.doHandleStateChanges(PartitionStateMachine.scala:242)
	at kafka.controller.ZkPartitionStateMachine.handleStateChanges(PartitionStateMachine.scala:162)
	at kafka.controller.PartitionStateMachine.triggerOnlineStateChangeForPartitions(PartitionStateMachine.scala:76)
	at kafka.controller.PartitionStateMachine.triggerOnlinePartitionStateChange(PartitionStateMachine.scala:61)
	at kafka.controller.PartitionStateMachine.startup(PartitionStateMachine.scala:44)
	at kafka.controller.KafkaController.onControllerFailover(KafkaController.scala:317)
	at kafka.controller.KafkaController.elect(KafkaController.scala:1568)
	at kafka.controller.KafkaController.processReelect(KafkaController.scala:2581)
	at kafka.controller.KafkaController.process(KafkaController.scala:2626)
	at kafka.controller.QueuedEvent.process(ControllerEventManager.scala:54)
	at kafka.controller.ControllerEventManager$ControllerEventThread.process$1(ControllerEventManager.scala:138)
	at kafka.controller.ControllerEventManager$ControllerEventThread.$anonfun$doWork$1(ControllerEventManager.scala:141)
	at kafka.controller.ControllerEventManager$ControllerEventThread.$anonfun$doWork$1$adapted(ControllerEventManager.scala:141)
	at com.yammer.metrics.core.Timer.time(Timer.java:91)
	at kafka.controller.ControllerEventManager$ControllerEventThread.doWork(ControllerEventManager.scala:141)
	at org.apache.kafka.server.util.ShutdownableThread.run(ShutdownableThread.java:130)
[2024-02-16 11:17:22,217] INFO [Controller id=1 epoch=5] Sending UpdateMetadata request to brokers HashSet() for 0 partitions (state.change.logger)
[2024-02-16 11:17:23,569] INFO [Controller id=1 epoch=5] Changed partition topic-0 from OnlinePartition to OnlinePartition with state LeaderAndIsr(leader=0, leaderEpoch=2, isrWithBrokerEpoch=List(BrokerState(brokerId=0, brokerEpoch=-1)), leaderRecoveryState=RECOVERED, partitionEpoch=2) (state.change.logger)
[2024-02-16 11:17:23,570] INFO [Controller id=1 epoch=5] Changed partition topic-2 from OnlinePartition to OnlinePartition with state LeaderAndIsr(leader=0, leaderEpoch=2, isrWithBrokerEpoch=List(BrokerState(brokerId=0, brokerEpoch=-1)), leaderRecoveryState=RECOVERED, partitionEpoch=2) (state.change.logger)
[2024-02-16 11:17:23,570] INFO [Controller id=1 epoch=5] Sending LeaderAndIsr request to broker 0 with 2 become-leader and 0 become-follower partitions (state.change.logger)
[2024-02-16 11:17:23,570] INFO [Controller id=1 epoch=5] Sending LeaderAndIsr request to broker 1 with 0 become-leader and 2 become-follower partitions (state.change.logger)
[2024-02-16 11:17:23,570] INFO [Controller id=1 epoch=5] Sending UpdateMetadata request to brokers HashSet(0, 1) for 2 partitions (state.change.logger)
[2024-02-16 11:17:23,571] INFO [Controller id=1 epoch=5] Sending UpdateMetadata request to brokers HashSet() for 0 partitions (state.change.logger)
[2024-02-16 11:17:23,571] INFO [Broker id=0] Handling LeaderAndIsr request correlationId 5 from controller 1 for 2 partitions (state.change.logger)
[2024-02-16 11:17:23,571] INFO [Broker id=1] Handling LeaderAndIsr request correlationId 5 from controller 1 for 2 partitions (state.change.logger)
[2024-02-16 11:17:23,572] INFO [Broker id=1] Follower topic-2 starts at leader epoch 2 from offset 6 with partition epoch 2 and high watermark 6. Current leader is 0. Previous leader Some(0) and previous leader epoch was 2. (state.change.logger)
[2024-02-16 11:17:23,572] INFO [Broker id=1] Follower topic-0 starts at leader epoch 2 from offset 6 with partition epoch 2 and high watermark 6. Current leader is 0. Previous leader Some(0) and previous leader epoch was 2. (state.change.logger)
[2024-02-16 11:17:23,572] INFO [Controller id=1 epoch=5] Sending StopReplica request for 1 replicas to broker 1 (state.change.logger)
[2024-02-16 11:17:23,572] INFO [Broker id=1] Stopped fetchers as part of become-follower request from controller 1 epoch 5 with correlation id 5 for 2 partitions (state.change.logger)
[2024-02-16 11:17:23,572] INFO [Broker id=0] Stopped fetchers as part of LeaderAndIsr request correlationId 5 from controller 1 epoch 5 as part of the become-leader transition for 2 partitions (state.change.logger)
[2024-02-16 11:17:23,573] INFO [Broker id=0] Leader topic-2 with topic id Some(_hu_M2wJQ0-re3fUZL6QFA) starts at leader epoch 2 from offset 6 with partition epoch 2, high watermark 6, ISR [0], adding replicas [] and removing replicas [] . Previous leader Some(1) and previous leader epoch was 1. (state.change.logger)
[2024-02-16 11:17:23,575] INFO [Broker id=1] Finished LeaderAndIsr request in 4ms correlationId 5 from controller 1 for 2 partitions (state.change.logger)
[2024-02-16 11:17:23,581] INFO [Broker id=0] Leader topic-0 with topic id Some(_hu_M2wJQ0-re3fUZL6QFA) starts at leader epoch 2 from offset 6 with partition epoch 2, high watermark 6, ISR [0], adding replicas [] and removing replicas [] . Previous leader Some(1) and previous leader epoch was 1. (state.change.logger)
[2024-02-16 11:17:23,582] INFO [Broker id=1] Add 2 partitions and deleted 0 partitions from metadata cache in response to UpdateMetadata request sent by controller 1 epoch 5 with correlation id 6 (state.change.logger)
[2024-02-16 11:17:23,584] INFO [Controller id=1 epoch=5] Partition topic-1 state changed to (Leader:0,ISR:0,LeaderRecoveryState:RECOVERED,LeaderEpoch:2,ZkVersion:2,ControllerEpoch:5) after removing replica 1 from the ISR as part of transition to OfflineReplica (state.change.logger)
[2024-02-16 11:17:23,584] INFO [Controller id=1 epoch=5] Sending LeaderAndIsr request to broker 0 with 1 become-leader and 0 become-follower partitions (state.change.logger)
[2024-02-16 11:17:23,584] INFO [Broker id=1] Handling StopReplica request correlationId 7 from controller 1 for 1 partitions (state.change.logger)
[2024-02-16 11:17:23,588] INFO [Controller id=1 epoch=5] Sending UpdateMetadata request to brokers HashSet(0, 1) for 1 partitions (state.change.logger)
[2024-02-16 11:17:23,588] INFO [Controller id=1 epoch=5] Sending StopReplica request for 1 replicas to broker 1 (state.change.logger)
[2024-02-16 11:17:23,592] INFO [Broker id=1] Add 1 partitions and deleted 0 partitions from metadata cache in response to UpdateMetadata request sent by controller 1 epoch 5 with correlation id 8 (state.change.logger)
[2024-02-16 11:17:23,593] INFO [Broker id=1] Handling StopReplica request correlationId 9 from controller 1 for 1 partitions (state.change.logger)
[2024-02-16 11:17:23,609] INFO [Broker id=0] Finished LeaderAndIsr request in 39ms correlationId 5 from controller 1 for 2 partitions (state.change.logger)
[2024-02-16 11:17:23,616] INFO [Broker id=0] Add 2 partitions and deleted 0 partitions from metadata cache in response to UpdateMetadata request sent by controller 1 epoch 5 with correlation id 6 (state.change.logger)
[2024-02-16 11:17:23,620] INFO [Broker id=0] Handling LeaderAndIsr request correlationId 7 from controller 1 for 1 partitions (state.change.logger)
[2024-02-16 11:17:23,623] INFO [Broker id=0] Stopped fetchers as part of LeaderAndIsr request correlationId 7 from controller 1 epoch 5 as part of the become-leader transition for 1 partitions (state.change.logger)
[2024-02-16 11:17:23,627] INFO [Broker id=0] Leader topic-1 with topic id Some(_hu_M2wJQ0-re3fUZL6QFA) starts at leader epoch 2 from offset 7 with partition epoch 2, high watermark 7, ISR [0], adding replicas [] and removing replicas [] . Previous leader Some(0) and previous leader epoch was 1. (state.change.logger)
[2024-02-16 11:17:23,636] INFO [Broker id=0] Finished LeaderAndIsr request in 16ms correlationId 7 from controller 1 for 1 partitions (state.change.logger)
[2024-02-16 11:17:23,638] INFO [Broker id=0] Add 1 partitions and deleted 0 partitions from metadata cache in response to UpdateMetadata request sent by controller 1 epoch 5 with correlation id 8 (state.change.logger)
[2024-02-16 11:17:26,021] ERROR [Controller id=1 epoch=5] Controller 1 epoch 5 failed to change state for partition topic-0 from OnlinePartition to OnlinePartition (state.change.logger)
kafka.common.StateChangeFailedException: Failed to elect leader for partition topic-0 under strategy ControlledShutdownPartitionLeaderElectionStrategy
	at kafka.controller.ZkPartitionStateMachine.$anonfun$doElectLeaderForPartitions$7(PartitionStateMachine.scala:433)
	at scala.collection.IterableOnceOps.foreach(IterableOnce.scala:576)
	at scala.collection.IterableOnceOps.foreach$(IterableOnce.scala:574)
	at scala.collection.AbstractIterable.foreach(Iterable.scala:933)
	at kafka.controller.ZkPartitionStateMachine.doElectLeaderForPartitions(PartitionStateMachine.scala:430)
	at kafka.controller.ZkPartitionStateMachine.electLeaderForPartitions(PartitionStateMachine.scala:336)
	at kafka.controller.ZkPartitionStateMachine.doHandleStateChanges(PartitionStateMachine.scala:242)
	at kafka.controller.ZkPartitionStateMachine.handleStateChanges(PartitionStateMachine.scala:162)
	at kafka.controller.KafkaController.doControlledShutdown(KafkaController.scala:1394)
	at kafka.controller.KafkaController.$anonfun$processControlledShutdown$1(KafkaController.scala:1356)
	at scala.util.Try$.apply(Try.scala:210)
	at kafka.controller.KafkaController.processControlledShutdown(KafkaController.scala:1356)
	at kafka.controller.KafkaController.process(KafkaController.scala:2612)
	at kafka.controller.QueuedEvent.process(ControllerEventManager.scala:54)
	at kafka.controller.ControllerEventManager$ControllerEventThread.process$1(ControllerEventManager.scala:138)
	at kafka.controller.ControllerEventManager$ControllerEventThread.$anonfun$doWork$1(ControllerEventManager.scala:141)
	at kafka.controller.ControllerEventManager$ControllerEventThread.$anonfun$doWork$1$adapted(ControllerEventManager.scala:141)
	at com.yammer.metrics.core.Timer.time(Timer.java:91)
	at kafka.controller.ControllerEventManager$ControllerEventThread.doWork(ControllerEventManager.scala:141)
	at org.apache.kafka.server.util.ShutdownableThread.run(ShutdownableThread.java:130)
[2024-02-16 11:17:26,022] ERROR [Controller id=1 epoch=5] Controller 1 epoch 5 failed to change state for partition topic-2 from OnlinePartition to OnlinePartition (state.change.logger)
kafka.common.StateChangeFailedException: Failed to elect leader for partition topic-2 under strategy ControlledShutdownPartitionLeaderElectionStrategy
	at kafka.controller.ZkPartitionStateMachine.$anonfun$doElectLeaderForPartitions$7(PartitionStateMachine.scala:433)
	at scala.collection.IterableOnceOps.foreach(IterableOnce.scala:576)
	at scala.collection.IterableOnceOps.foreach$(IterableOnce.scala:574)
	at scala.collection.AbstractIterable.foreach(Iterable.scala:933)
	at kafka.controller.ZkPartitionStateMachine.doElectLeaderForPartitions(PartitionStateMachine.scala:430)
	at kafka.controller.ZkPartitionStateMachine.electLeaderForPartitions(PartitionStateMachine.scala:336)
	at kafka.controller.ZkPartitionStateMachine.doHandleStateChanges(PartitionStateMachine.scala:242)
	at kafka.controller.ZkPartitionStateMachine.handleStateChanges(PartitionStateMachine.scala:162)
	at kafka.controller.KafkaController.doControlledShutdown(KafkaController.scala:1394)
	at kafka.controller.KafkaController.$anonfun$processControlledShutdown$1(KafkaController.scala:1356)
	at scala.util.Try$.apply(Try.scala:210)
	at kafka.controller.KafkaController.processControlledShutdown(KafkaController.scala:1356)
	at kafka.controller.KafkaController.process(KafkaController.scala:2612)
	at kafka.controller.QueuedEvent.process(ControllerEventManager.scala:54)
	at kafka.controller.ControllerEventManager$ControllerEventThread.process$1(ControllerEventManager.scala:138)
	at kafka.controller.ControllerEventManager$ControllerEventThread.$anonfun$doWork$1(ControllerEventManager.scala:141)
	at kafka.controller.ControllerEventManager$ControllerEventThread.$anonfun$doWork$1$adapted(ControllerEventManager.scala:141)
	at com.yammer.metrics.core.Timer.time(Timer.java:91)
	at kafka.controller.ControllerEventManager$ControllerEventThread.doWork(ControllerEventManager.scala:141)
	at org.apache.kafka.server.util.ShutdownableThread.run(ShutdownableThread.java:130)
[2024-02-16 11:17:26,022] ERROR [Controller id=1 epoch=5] Controller 1 epoch 5 failed to change state for partition topic-1 from OnlinePartition to OnlinePartition (state.change.logger)
kafka.common.StateChangeFailedException: Failed to elect leader for partition topic-1 under strategy ControlledShutdownPartitionLeaderElectionStrategy
	at kafka.controller.ZkPartitionStateMachine.$anonfun$doElectLeaderForPartitions$7(PartitionStateMachine.scala:433)
	at scala.collection.IterableOnceOps.foreach(IterableOnce.scala:576)
	at scala.collection.IterableOnceOps.foreach$(IterableOnce.scala:574)
	at scala.collection.AbstractIterable.foreach(Iterable.scala:933)
	at kafka.controller.ZkPartitionStateMachine.doElectLeaderForPartitions(PartitionStateMachine.scala:430)
	at kafka.controller.ZkPartitionStateMachine.electLeaderForPartitions(PartitionStateMachine.scala:336)
	at kafka.controller.ZkPartitionStateMachine.doHandleStateChanges(PartitionStateMachine.scala:242)
	at kafka.controller.ZkPartitionStateMachine.handleStateChanges(PartitionStateMachine.scala:162)
	at kafka.controller.KafkaController.doControlledShutdown(KafkaController.scala:1394)
	at kafka.controller.KafkaController.$anonfun$processControlledShutdown$1(KafkaController.scala:1356)
	at scala.util.Try$.apply(Try.scala:210)
	at kafka.controller.KafkaController.processControlledShutdown(KafkaController.scala:1356)
	at kafka.controller.KafkaController.process(KafkaController.scala:2612)
	at kafka.controller.QueuedEvent.process(ControllerEventManager.scala:54)
	at kafka.controller.ControllerEventManager$ControllerEventThread.process$1(ControllerEventManager.scala:138)
	at kafka.controller.ControllerEventManager$ControllerEventThread.$anonfun$doWork$1(ControllerEventManager.scala:141)
	at kafka.controller.ControllerEventManager$ControllerEventThread.$anonfun$doWork$1$adapted(ControllerEventManager.scala:141)
	at com.yammer.metrics.core.Timer.time(Timer.java:91)
	at kafka.controller.ControllerEventManager$ControllerEventThread.doWork(ControllerEventManager.scala:141)
	at org.apache.kafka.server.util.ShutdownableThread.run(ShutdownableThread.java:130)
[2024-02-16 11:17:26,022] INFO [Controller id=1 epoch=5] Sending UpdateMetadata request to brokers HashSet() for 0 partitions (state.change.logger)
[2024-02-16 11:17:26,022] INFO [Controller id=1 epoch=5] Sending UpdateMetadata request to brokers HashSet() for 0 partitions (state.change.logger)
[2024-02-16 11:17:31,051] ERROR [Controller id=1 epoch=5] Controller 1 epoch 5 failed to change state for partition topic-0 from OnlinePartition to OnlinePartition (state.change.logger)
kafka.common.StateChangeFailedException: Failed to elect leader for partition topic-0 under strategy ControlledShutdownPartitionLeaderElectionStrategy
	at kafka.controller.ZkPartitionStateMachine.$anonfun$doElectLeaderForPartitions$7(PartitionStateMachine.scala:433)
	at scala.collection.IterableOnceOps.foreach(IterableOnce.scala:576)
	at scala.collection.IterableOnceOps.foreach$(IterableOnce.scala:574)
	at scala.collection.AbstractIterable.foreach(Iterable.scala:933)
	at kafka.controller.ZkPartitionStateMachine.doElectLeaderForPartitions(PartitionStateMachine.scala:430)
	at kafka.controller.ZkPartitionStateMachine.electLeaderForPartitions(PartitionStateMachine.scala:336)
	at kafka.controller.ZkPartitionStateMachine.doHandleStateChanges(PartitionStateMachine.scala:242)
	at kafka.controller.ZkPartitionStateMachine.handleStateChanges(PartitionStateMachine.scala:162)
	at kafka.controller.KafkaController.doControlledShutdown(KafkaController.scala:1394)
	at kafka.controller.KafkaController.$anonfun$processControlledShutdown$1(KafkaController.scala:1356)
	at scala.util.Try$.apply(Try.scala:210)
	at kafka.controller.KafkaController.processControlledShutdown(KafkaController.scala:1356)
	at kafka.controller.KafkaController.process(KafkaController.scala:2612)
	at kafka.controller.QueuedEvent.process(ControllerEventManager.scala:54)
	at kafka.controller.ControllerEventManager$ControllerEventThread.process$1(ControllerEventManager.scala:138)
	at kafka.controller.ControllerEventManager$ControllerEventThread.$anonfun$doWork$1(ControllerEventManager.scala:141)
	at kafka.controller.ControllerEventManager$ControllerEventThread.$anonfun$doWork$1$adapted(ControllerEventManager.scala:141)
	at com.yammer.metrics.core.Timer.time(Timer.java:91)
	at kafka.controller.ControllerEventManager$ControllerEventThread.doWork(ControllerEventManager.scala:141)
	at org.apache.kafka.server.util.ShutdownableThread.run(ShutdownableThread.java:130)
[2024-02-16 11:17:31,052] ERROR [Controller id=1 epoch=5] Controller 1 epoch 5 failed to change state for partition topic-2 from OnlinePartition to OnlinePartition (state.change.logger)
kafka.common.StateChangeFailedException: Failed to elect leader for partition topic-2 under strategy ControlledShutdownPartitionLeaderElectionStrategy
	at kafka.controller.ZkPartitionStateMachine.$anonfun$doElectLeaderForPartitions$7(PartitionStateMachine.scala:433)
	at scala.collection.IterableOnceOps.foreach(IterableOnce.scala:576)
	at scala.collection.IterableOnceOps.foreach$(IterableOnce.scala:574)
	at scala.collection.AbstractIterable.foreach(Iterable.scala:933)
	at kafka.controller.ZkPartitionStateMachine.doElectLeaderForPartitions(PartitionStateMachine.scala:430)
	at kafka.controller.ZkPartitionStateMachine.electLeaderForPartitions(PartitionStateMachine.scala:336)
	at kafka.controller.ZkPartitionStateMachine.doHandleStateChanges(PartitionStateMachine.scala:242)
	at kafka.controller.ZkPartitionStateMachine.handleStateChanges(PartitionStateMachine.scala:162)
	at kafka.controller.KafkaController.doControlledShutdown(KafkaController.scala:1394)
	at kafka.controller.KafkaController.$anonfun$processControlledShutdown$1(KafkaController.scala:1356)
	at scala.util.Try$.apply(Try.scala:210)
	at kafka.controller.KafkaController.processControlledShutdown(KafkaController.scala:1356)
	at kafka.controller.KafkaController.process(KafkaController.scala:2612)
	at kafka.controller.QueuedEvent.process(ControllerEventManager.scala:54)
	at kafka.controller.ControllerEventManager$ControllerEventThread.process$1(ControllerEventManager.scala:138)
	at kafka.controller.ControllerEventManager$ControllerEventThread.$anonfun$doWork$1(ControllerEventManager.scala:141)
	at kafka.controller.ControllerEventManager$ControllerEventThread.$anonfun$doWork$1$adapted(ControllerEventManager.scala:141)
	at com.yammer.metrics.core.Timer.time(Timer.java:91)
	at kafka.controller.ControllerEventManager$ControllerEventThread.doWork(ControllerEventManager.scala:141)
	at org.apache.kafka.server.util.ShutdownableThread.run(ShutdownableThread.java:130)
[2024-02-16 11:17:31,052] ERROR [Controller id=1 epoch=5] Controller 1 epoch 5 failed to change state for partition topic-1 from OnlinePartition to OnlinePartition (state.change.logger)
kafka.common.StateChangeFailedException: Failed to elect leader for partition topic-1 under strategy ControlledShutdownPartitionLeaderElectionStrategy
	at kafka.controller.ZkPartitionStateMachine.$anonfun$doElectLeaderForPartitions$7(PartitionStateMachine.scala:433)
	at scala.collection.IterableOnceOps.foreach(IterableOnce.scala:576)
	at scala.collection.IterableOnceOps.foreach$(IterableOnce.scala:574)
	at scala.collection.AbstractIterable.foreach(Iterable.scala:933)
	at kafka.controller.ZkPartitionStateMachine.doElectLeaderForPartitions(PartitionStateMachine.scala:430)
	at kafka.controller.ZkPartitionStateMachine.electLeaderForPartitions(PartitionStateMachine.scala:336)
	at kafka.controller.ZkPartitionStateMachine.doHandleStateChanges(PartitionStateMachine.scala:242)
	at kafka.controller.ZkPartitionStateMachine.handleStateChanges(PartitionStateMachine.scala:162)
	at kafka.controller.KafkaController.doControlledShutdown(KafkaController.scala:1394)
	at kafka.controller.KafkaController.$anonfun$processControlledShutdown$1(KafkaController.scala:1356)
	at scala.util.Try$.apply(Try.scala:210)
	at kafka.controller.KafkaController.processControlledShutdown(KafkaController.scala:1356)
	at kafka.controller.KafkaController.process(KafkaController.scala:2612)
	at kafka.controller.QueuedEvent.process(ControllerEventManager.scala:54)
	at kafka.controller.ControllerEventManager$ControllerEventThread.process$1(ControllerEventManager.scala:138)
	at kafka.controller.ControllerEventManager$ControllerEventThread.$anonfun$doWork$1(ControllerEventManager.scala:141)
	at kafka.controller.ControllerEventManager$ControllerEventThread.$anonfun$doWork$1$adapted(ControllerEventManager.scala:141)
	at com.yammer.metrics.core.Timer.time(Timer.java:91)
	at kafka.controller.ControllerEventManager$ControllerEventThread.doWork(ControllerEventManager.scala:141)
	at org.apache.kafka.server.util.ShutdownableThread.run(ShutdownableThread.java:130)
[2024-02-16 11:17:31,053] INFO [Controller id=1 epoch=5] Sending UpdateMetadata request to brokers HashSet() for 0 partitions (state.change.logger)
[2024-02-16 11:17:31,054] INFO [Controller id=1 epoch=5] Sending UpdateMetadata request to brokers HashSet() for 0 partitions (state.change.logger)
